The system is: Linux - sh: 0: getcwd() failed: No such file or directory
5.4.72-microsoft-standard-WSL2 - sh: 0: getcwd() failed: No such file or directory
x86_64
Determining if the C compiler works passed with the following output:
Change Dir: /home/heyjude/workspace/projects/leetcode_cpp/build/CMakeFiles/CMakeTmp

Run Build Command:"/usr/bin/make" "cmTC_5bb3b/fast"
/usr/bin/make -f CMakeFiles/cmTC_5bb3b.dir/build.make CMakeFiles/cmTC_5bb3b.dir/build
make[1]: Entering directory '/home/heyjude/workspace/projects/leetcode_cpp/build/CMakeFiles/CMakeTmp'
Building C object CMakeFiles/cmTC_5bb3b.dir/testCCompiler.c.o
/usr/bin/x86_64-linux-gnu-gcc-7    -o CMakeFiles/cmTC_5bb3b.dir/testCCompiler.c.o   -c /home/heyjude/workspace/projects/leetcode_cpp/build/CMakeFiles/CMakeTmp/testCCompiler.c
Linking C executable cmTC_5bb3b
/usr/bin/cmake -E cmake_link_script CMakeFiles/cmTC_5bb3b.dir/link.txt --verbose=1
/usr/bin/x86_64-linux-gnu-gcc-7      CMakeFiles/cmTC_5bb3b.dir/testCCompiler.c.o  -o cmTC_5bb3b 
make[1]: Leaving directory '/home/heyjude/workspace/projects/leetcode_cpp/build/CMakeFiles/CMakeTmp'


Detecting C compiler ABI info compiled with the following output:
Change Dir: /home/heyjude/workspace/projects/leetcode_cpp/build/CMakeFiles/CMakeTmp

Run Build Command:"/usr/bin/make" "cmTC_d3d2f/fast"
/usr/bin/make -f CMakeFiles/cmTC_d3d2f.dir/build.make CMakeFiles/cmTC_d3d2f.dir/build
make[1]: Entering directory '/home/heyjude/workspace/projects/leetcode_cpp/build/CMakeFiles/CMakeTmp'
Building C object CMakeFiles/cmTC_d3d2f.dir/CMakeCCompilerABI.c.o
/usr/bin/x86_64-linux-gnu-gcc-7    -o CMakeFiles/cmTC_d3d2f.dir/CMakeCCompilerABI.c.o   -c /usr/share/cmake-3.10/Modules/CMakeCCompilerABI.c
Linking C executable cmTC_d3d2f
/usr/bin/cmake -E cmake_link_script CMakeFiles/cmTC_d3d2f.dir/link.txt --verbose=1
/usr/bin/x86_64-linux-gnu-gcc-7      CMakeFiles/cmTC_d3d2f.dir/CMakeCCompilerABI.c.o  -o cmTC_d3d2f 
make[1]: Leaving directory '/home/heyjude/workspace/projects/leetcode_cpp/build/CMakeFiles/CMakeTmp'


Determining if the CXX compiler works passed with the following output:
Change Dir: /home/heyjude/workspace/projects/leetcode_cpp/build/CMakeFiles/CMakeTmp

Run Build Command:"/usr/bin/make" "cmTC_d8739/fast"
/usr/bin/make -f CMakeFiles/cmTC_d8739.dir/build.make CMakeFiles/cmTC_d8739.dir/build
make[1]: Entering directory '/home/heyjude/workspace/projects/leetcode_cpp/build/CMakeFiles/CMakeTmp'
Building CXX object CMakeFiles/cmTC_d8739.dir/testCXXCompiler.cxx.o
/usr/bin/x86_64-linux-gnu-g++-7     -o CMakeFiles/cmTC_d8739.dir/testCXXCompiler.cxx.o -c /home/heyjude/workspace/projects/leetcode_cpp/build/CMakeFiles/CMakeTmp/testCXXCompiler.cxx
Linking CXX executable cmTC_d8739
/usr/bin/cmake -E cmake_link_script CMakeFiles/cmTC_d8739.dir/link.txt --verbose=1
/usr/bin/x86_64-linux-gnu-g++-7       CMakeFiles/cmTC_d8739.dir/testCXXCompiler.cxx.o  -o cmTC_d8739 
make[1]: Leaving directory '/home/heyjude/workspace/projects/leetcode_cpp/build/CMakeFiles/CMakeTmp'


Detecting CXX compiler ABI info compiled with the following output:
Change Dir: /home/heyjude/workspace/projects/leetcode_cpp/build/CMakeFiles/CMakeTmp

Run Build Command:"/usr/bin/make" "cmTC_203be/fast"
/usr/bin/make -f CMakeFiles/cmTC_203be.dir/build.make CMakeFiles/cmTC_203be.dir/build
make[1]: Entering directory '/home/heyjude/workspace/projects/leetcode_cpp/build/CMakeFiles/CMakeTmp'
Building CXX object CMakeFiles/cmTC_203be.dir/CMakeCXXCompilerABI.cpp.o
/usr/bin/x86_64-linux-gnu-g++-7     -o CMakeFiles/cmTC_203be.dir/CMakeCXXCompilerABI.cpp.o -c /usr/share/cmake-3.10/Modules/CMakeCXXCompilerABI.cpp
Linking CXX executable cmTC_203be
/usr/bin/cmake -E cmake_link_script CMakeFiles/cmTC_203be.dir/link.txt --verbose=1
/usr/bin/x86_64-linux-gnu-g++-7       CMakeFiles/cmTC_203be.dir/CMakeCXXCompilerABI.cpp.o  -o cmTC_203be 
make[1]: Leaving directory '/home/heyjude/workspace/projects/leetcode_cpp/build/CMakeFiles/CMakeTmp'


